[debug] [2021-03-07T07:35:01.230Z] ----------------------------------------------------------------------
[debug] [2021-03-07T07:35:01.233Z] Command:       C:\Program Files\nodejs\node.exe C:\Users\Vadim\AppData\Roaming\npm\node_modules\firebase-tools\lib\bin\firebase.js emulators:start
[debug] [2021-03-07T07:35:01.234Z] CLI Version:   9.5.0
[debug] [2021-03-07T07:35:01.234Z] Platform:      win32
[debug] [2021-03-07T07:35:01.234Z] Node Version:  v12.18.2
[debug] [2021-03-07T07:35:01.235Z] Time:          Sun Mar 07 2021 10:35:01 GMT+0300 (GMT+03:00)
[debug] [2021-03-07T07:35:01.235Z] ----------------------------------------------------------------------
[debug] [2021-03-07T07:35:01.235Z] 
[debug] [2021-03-07T07:35:01.246Z] > command requires scopes: ["email","openid","https://www.googleapis.com/auth/cloudplatformprojects.readonly","https://www.googleapis.com/auth/firebase","https://www.googleapis.com/auth/cloud-platform"]
[debug] [2021-03-07T07:35:01.247Z] > authorizing via signed-in user
[info] i  emulators: Starting emulators: functions {"metadata":{"emulator":{"name":"hub"},"message":"Starting emulators: functions"}}
[debug] [2021-03-07T07:35:02.323Z] [hub] writing locator at C:\Users\Vadim\AppData\Local\Temp\hub-clone-98e52.json
[warn] !  functions: The following emulators are not running, calls to these services from the Functions emulator will affect production: auth, firestore, database, hosting, pubsub {"metadata":{"emulator":{"name":"functions"},"message":"The following emulators are not running, calls to these services from the Functions emulator will affect production: \u001b[1mauth, firestore, database, hosting, pubsub\u001b[22m"}}
[warn] !  Your requested "node" version "10" doesn't match your global version "12" {"metadata":{"emulator":{"name":"functions"},"message":"Your requested \"node\" version \"10\" doesn't match your global version \"12\""}}
[debug] [2021-03-07T07:35:03.450Z] defaultcredentials: writing to file C:\Users\Vadim\AppData\Roaming\firebase\vmartintestng_gmail_com_application_default_credentials.json
[debug] [2021-03-07T07:35:03.454Z] Setting GAC to C:\Users\Vadim\AppData\Roaming\firebase\vmartintestng_gmail_com_application_default_credentials.json {"metadata":{"emulator":{"name":"functions"},"message":"Setting GAC to C:\\Users\\Vadim\\AppData\\Roaming\\firebase\\vmartintestng_gmail_com_application_default_credentials.json"}}
[debug] [2021-03-07T07:35:03.456Z] > refreshing access token with scopes: []
[debug] [2021-03-07T07:35:03.458Z] >>> HTTP REQUEST POST https://www.googleapis.com/oauth2/v3/token  
 <request body omitted>
[debug] [2021-03-07T07:35:03.713Z] <<< HTTP RESPONSE 200 {"date":"Sun, 07 Mar 2021 07:35:03 GMT","expires":"Mon, 01 Jan 1990 00:00:00 GMT","pragma":"no-cache","cache-control":"no-cache, no-store, max-age=0, must-revalidate","content-type":"application/json; charset=utf-8","vary":"X-Origin, Referer, Origin,Accept-Encoding","server":"scaffolding on HTTPServer2","x-xss-protection":"0","x-frame-options":"SAMEORIGIN","x-content-type-options":"nosniff","alt-svc":"h3-29=\":443\"; ma=2592000,h3-T051=\":443\"; ma=2592000,h3-Q050=\":443\"; ma=2592000,h3-Q046=\":443\"; ma=2592000,h3-Q043=\":443\"; ma=2592000,quic=\":443\"; ma=2592000; v=\"46,43\"","accept-ranges":"none","transfer-encoding":"chunked"}
[debug] [2021-03-07T07:35:03.770Z] >>> [apiv2][query] GET https://firebase.googleapis.com/v1beta1/projects/clone-98e52/adminSdkConfig [none]
[debug] [2021-03-07T07:35:04.337Z] <<< [apiv2][status] GET https://firebase.googleapis.com/v1beta1/projects/clone-98e52/adminSdkConfig 200
[debug] [2021-03-07T07:35:04.338Z] <<< [apiv2][body] GET https://firebase.googleapis.com/v1beta1/projects/clone-98e52/adminSdkConfig {"projectId":"clone-98e52","databaseURL":"https://clone-98e52.firebaseio.com","storageBucket":"clone-98e52.appspot.com","locationId":"europe-west"}
[info] i  ui: downloading ui-v1.4.2.zip... {"metadata":{"emulator":{"name":"ui"},"message":"downloading ui-v1.4.2.zip..."}}
[debug] [2021-03-07T07:35:06.432Z] >>> [apiv2][query] GET https://storage.googleapis.com/firebase-preview-drop/emulator/ui-v1.4.2.zip [none]
[debug] [2021-03-07T07:35:06.802Z] <<< [apiv2][status] GET https://storage.googleapis.com/firebase-preview-drop/emulator/ui-v1.4.2.zip 200
[debug] [2021-03-07T07:35:06.803Z] <<< [apiv2][body] GET https://storage.googleapis.com/firebase-preview-drop/emulator/ui-v1.4.2.zip [stream]
[info] i  ui: Removing outdated emulator files: ui-v1.2.2 {"metadata":{"emulator":{"name":"ui"},"message":"Removing outdated emulator files: ui-v1.2.2"}}
[info] i  ui: Removing outdated emulator files: ui-v1.2.2.zip {"metadata":{"emulator":{"name":"ui"},"message":"Removing outdated emulator files: ui-v1.2.2.zip"}}
[debug] [2021-03-07T07:35:08.334Z] Ignoring unsupported arg: auto_download {"metadata":{"emulator":{"name":"ui"},"message":"Ignoring unsupported arg: auto_download"}}
[debug] [2021-03-07T07:35:08.335Z] Ignoring unsupported arg: port {"metadata":{"emulator":{"name":"ui"},"message":"Ignoring unsupported arg: port"}}
[debug] [2021-03-07T07:35:08.335Z] Starting Emulator UI with command {"binary":"node","args":["C:\\Users\\Vadim\\.cache\\firebase\\emulators\\ui-v1.4.2\\server.bundle.js"],"optionalArgs":[],"joinArgs":false} {"metadata":{"emulator":{"name":"ui"},"message":"Starting Emulator UI with command {\"binary\":\"node\",\"args\":[\"C:\\\\Users\\\\Vadim\\\\.cache\\\\firebase\\\\emulators\\\\ui-v1.4.2\\\\server.bundle.js\"],\"optionalArgs\":[],\"joinArgs\":false}"}}
[info] i  ui: Emulator UI logging to ui-debug.log {"metadata":{"emulator":{"name":"ui"},"message":"Emulator UI logging to \u001b[1mui-debug.log\u001b[22m"}}
[debug] [2021-03-07T07:35:08.622Z] Web / API server started at http://localhost:4000
 {"metadata":{"emulator":{"name":"ui"},"message":"Web / API server started at http://localhost:4000\n"}}
[info] i  functions: Watching "D:\0.1\РЕСУРСЫ КОТОТОЫЕ СТОИТ СМОТРЕТЬ\21.Clever Programmer\Challenge\amazon-clone\functions" for Cloud Functions... {"metadata":{"emulator":{"name":"functions"},"message":"Watching \"D:\\0.1\\РЕСУРСЫ КОТОТОЫЕ СТОИТ СМОТРЕТЬ\\21.Clever Programmer\\Challenge\\amazon-clone\\functions\" for Cloud Functions..."}}
[debug] [2021-03-07T07:35:08.889Z] [worker-pool] addWorker(~diagnostic~) {"metadata":{"emulator":{"name":"functions"},"message":"[worker-pool] addWorker(~diagnostic~)"}}
[debug] [2021-03-07T07:35:08.890Z] [worker-pool] Adding worker with key ~diagnostic~, total=1 {"metadata":{"emulator":{"name":"functions"},"message":"[worker-pool] Adding worker with key ~diagnostic~, total=1"}}
[debug] [2021-03-07T07:35:08.890Z] [worker-pool] submitWork(triggerId=) {"metadata":{"emulator":{"name":"functions"},"message":"[worker-pool] submitWork(triggerId=)"}}
[debug] [2021-03-07T07:35:08.891Z] [worker-~diagnostic~-d13b5472-4bf9-4d00-b709-11bb0499bd91]: Assigning socketPath: \\?\pipe\D:\0.1\РЕСУРСЫ КОТОТОЫЕ СТОИТ СМОТРЕТЬ\21.Clever Programmer\Challenge\amazon-clone\functions\3756 {"metadata":{"emulator":{"name":"functions"},"message":"[worker-~diagnostic~-d13b5472-4bf9-4d00-b709-11bb0499bd91]: Assigning socketPath: \\\\?\\pipe\\D:\\0.1\\РЕСУРСЫ КОТОТОЫЕ СТОИТ СМОТРЕТЬ\\21.Clever Programmer\\Challenge\\amazon-clone\\functions\\3756"}}
[debug] [2021-03-07T07:35:08.891Z] [worker-~diagnostic~-d13b5472-4bf9-4d00-b709-11bb0499bd91]: BUSY {"metadata":{"emulator":{"name":"functions"},"message":"[worker-~diagnostic~-d13b5472-4bf9-4d00-b709-11bb0499bd91]: BUSY"}}
[debug] [2021-03-07T07:35:09.229Z] [runtime-status] [3756] Functions runtime initialized. {"cwd":"D:\\0.1\\РЕСУРСЫ КОТОТОЫЕ СТОИТ СМОТРЕТЬ\\21.Clever Programmer\\Challenge\\amazon-clone\\functions","node_version":"12.18.2"} {"metadata":{"emulator":{"name":"functions"},"message":"[runtime-status] [3756] Functions runtime initialized. {\"cwd\":\"D:\\\\0.1\\\\РЕСУРСЫ КОТОТОЫЕ СТОИТ СМОТРЕТЬ\\\\21.Clever Programmer\\\\Challenge\\\\amazon-clone\\\\functions\",\"node_version\":\"12.18.2\"}"}}
[debug] [2021-03-07T07:35:09.230Z] [runtime-status] [3756] Disabled runtime features: undefined {"metadata":{"emulator":{"name":"functions"},"message":"[runtime-status] [3756] Disabled runtime features: undefined"}}
[debug] [2021-03-07T07:35:09.288Z] [runtime-status] [3756] Resolved module firebase-admin {"declared":true,"installed":true,"version":"8.13.0","resolution":"D:\\0.1\\РЕСУРСЫ КОТОТОЫЕ СТОИТ СМОТРЕТЬ\\21.Clever Programmer\\Challenge\\amazon-clone\\functions\\node_modules\\firebase-admin\\lib\\index.js"} {"metadata":{"emulator":{"name":"functions"},"message":"[runtime-status] [3756] Resolved module firebase-admin {\"declared\":true,\"installed\":true,\"version\":\"8.13.0\",\"resolution\":\"D:\\\\0.1\\\\РЕСУРСЫ КОТОТОЫЕ СТОИТ СМОТРЕТЬ\\\\21.Clever Programmer\\\\Challenge\\\\amazon-clone\\\\functions\\\\node_modules\\\\firebase-admin\\\\lib\\\\index.js\"}"}}
[debug] [2021-03-07T07:35:09.318Z] [runtime-status] [3756] Resolved module firebase-functions {"declared":true,"installed":true,"version":"3.11.0","resolution":"D:\\0.1\\РЕСУРСЫ КОТОТОЫЕ СТОИТ СМОТРЕТЬ\\21.Clever Programmer\\Challenge\\amazon-clone\\functions\\node_modules\\firebase-functions\\lib\\index.js"} {"metadata":{"emulator":{"name":"functions"},"message":"[runtime-status] [3756] Resolved module firebase-functions {\"declared\":true,\"installed\":true,\"version\":\"3.11.0\",\"resolution\":\"D:\\\\0.1\\\\РЕСУРСЫ КОТОТОЫЕ СТОИТ СМОТРЕТЬ\\\\21.Clever Programmer\\\\Challenge\\\\amazon-clone\\\\functions\\\\node_modules\\\\firebase-functions\\\\lib\\\\index.js\"}"}}
[debug] [2021-03-07T07:35:09.320Z] [runtime-status] [3756] Resolved module firebase-functions {"declared":true,"installed":true,"version":"3.11.0","resolution":"D:\\0.1\\РЕСУРСЫ КОТОТОЫЕ СТОИТ СМОТРЕТЬ\\21.Clever Programmer\\Challenge\\amazon-clone\\functions\\node_modules\\firebase-functions\\lib\\index.js"} {"metadata":{"emulator":{"name":"functions"},"message":"[runtime-status] [3756] Resolved module firebase-functions {\"declared\":true,\"installed\":true,\"version\":\"3.11.0\",\"resolution\":\"D:\\\\0.1\\\\РЕСУРСЫ КОТОТОЫЕ СТОИТ СМОТРЕТЬ\\\\21.Clever Programmer\\\\Challenge\\\\amazon-clone\\\\functions\\\\node_modules\\\\firebase-functions\\\\lib\\\\index.js\"}"}}
[debug] [2021-03-07T07:35:09.324Z] [runtime-status] [3756] Outgoing network have been stubbed. [{"name":"http","status":"mocked"},{"name":"http","status":"mocked"},{"name":"https","status":"mocked"},{"name":"https","status":"mocked"},{"name":"net","status":"mocked"}] {"metadata":{"emulator":{"name":"functions"},"message":"[runtime-status] [3756] Outgoing network have been stubbed. [{\"name\":\"http\",\"status\":\"mocked\"},{\"name\":\"http\",\"status\":\"mocked\"},{\"name\":\"https\",\"status\":\"mocked\"},{\"name\":\"https\",\"status\":\"mocked\"},{\"name\":\"net\",\"status\":\"mocked\"}]"}}
[debug] [2021-03-07T07:35:09.324Z] [runtime-status] [3756] Resolved module firebase-functions {"declared":true,"installed":true,"version":"3.11.0","resolution":"D:\\0.1\\РЕСУРСЫ КОТОТОЫЕ СТОИТ СМОТРЕТЬ\\21.Clever Programmer\\Challenge\\amazon-clone\\functions\\node_modules\\firebase-functions\\lib\\index.js"} {"metadata":{"emulator":{"name":"functions"},"message":"[runtime-status] [3756] Resolved module firebase-functions {\"declared\":true,\"installed\":true,\"version\":\"3.11.0\",\"resolution\":\"D:\\\\0.1\\\\РЕСУРСЫ КОТОТОЫЕ СТОИТ СМОТРЕТЬ\\\\21.Clever Programmer\\\\Challenge\\\\amazon-clone\\\\functions\\\\node_modules\\\\firebase-functions\\\\lib\\\\index.js\"}"}}
[debug] [2021-03-07T07:35:10.118Z] [runtime-status] [3756] Checked functions.config() {"config":{}} {"metadata":{"emulator":{"name":"functions"},"message":"[runtime-status] [3756] Checked functions.config() {\"config\":{}}"}}
[debug] [2021-03-07T07:35:10.119Z] [runtime-status] [3756] firebase-functions has been stubbed. {"functionsResolution":{"declared":true,"installed":true,"version":"3.11.0","resolution":"D:\\0.1\\РЕСУРСЫ КОТОТОЫЕ СТОИТ СМОТРЕТЬ\\21.Clever Programmer\\Challenge\\amazon-clone\\functions\\node_modules\\firebase-functions\\lib\\index.js"}} {"metadata":{"emulator":{"name":"functions"},"message":"[runtime-status] [3756] firebase-functions has been stubbed. {\"functionsResolution\":{\"declared\":true,\"installed\":true,\"version\":\"3.11.0\",\"resolution\":\"D:\\\\0.1\\\\РЕСУРСЫ КОТОТОЫЕ СТОИТ СМОТРЕТЬ\\\\21.Clever Programmer\\\\Challenge\\\\amazon-clone\\\\functions\\\\node_modules\\\\firebase-functions\\\\lib\\\\index.js\"}}"}}
[debug] [2021-03-07T07:35:10.120Z] [runtime-status] [3756] Resolved module firebase-functions {"declared":true,"installed":true,"version":"3.11.0","resolution":"D:\\0.1\\РЕСУРСЫ КОТОТОЫЕ СТОИТ СМОТРЕТЬ\\21.Clever Programmer\\Challenge\\amazon-clone\\functions\\node_modules\\firebase-functions\\lib\\index.js"} {"metadata":{"emulator":{"name":"functions"},"message":"[runtime-status] [3756] Resolved module firebase-functions {\"declared\":true,\"installed\":true,\"version\":\"3.11.0\",\"resolution\":\"D:\\\\0.1\\\\РЕСУРСЫ КОТОТОЫЕ СТОИТ СМОТРЕТЬ\\\\21.Clever Programmer\\\\Challenge\\\\amazon-clone\\\\functions\\\\node_modules\\\\firebase-functions\\\\lib\\\\index.js\"}"}}
[debug] [2021-03-07T07:35:10.122Z] [runtime-status] [3756] Resolved module firebase-admin {"declared":true,"installed":true,"version":"8.13.0","resolution":"D:\\0.1\\РЕСУРСЫ КОТОТОЫЕ СТОИТ СМОТРЕТЬ\\21.Clever Programmer\\Challenge\\amazon-clone\\functions\\node_modules\\firebase-admin\\lib\\index.js"} {"metadata":{"emulator":{"name":"functions"},"message":"[runtime-status] [3756] Resolved module firebase-admin {\"declared\":true,\"installed\":true,\"version\":\"8.13.0\",\"resolution\":\"D:\\\\0.1\\\\РЕСУРСЫ КОТОТОЫЕ СТОИТ СМОТРЕТЬ\\\\21.Clever Programmer\\\\Challenge\\\\amazon-clone\\\\functions\\\\node_modules\\\\firebase-admin\\\\lib\\\\index.js\"}"}}
[debug] [2021-03-07T07:35:10.123Z] [runtime-status] [3756] Resolved module firebase-functions {"declared":true,"installed":true,"version":"3.11.0","resolution":"D:\\0.1\\РЕСУРСЫ КОТОТОЫЕ СТОИТ СМОТРЕТЬ\\21.Clever Programmer\\Challenge\\amazon-clone\\functions\\node_modules\\firebase-functions\\lib\\index.js"} {"metadata":{"emulator":{"name":"functions"},"message":"[runtime-status] [3756] Resolved module firebase-functions {\"declared\":true,\"installed\":true,\"version\":\"3.11.0\",\"resolution\":\"D:\\\\0.1\\\\РЕСУРСЫ КОТОТОЫЕ СТОИТ СМОТРЕТЬ\\\\21.Clever Programmer\\\\Challenge\\\\amazon-clone\\\\functions\\\\node_modules\\\\firebase-functions\\\\lib\\\\index.js\"}"}}
[debug] [2021-03-07T07:35:10.124Z] [runtime-status] [3756] firebase-admin has been stubbed. {"adminResolution":{"declared":true,"installed":true,"version":"8.13.0","resolution":"D:\\0.1\\РЕСУРСЫ КОТОТОЫЕ СТОИТ СМОТРЕТЬ\\21.Clever Programmer\\Challenge\\amazon-clone\\functions\\node_modules\\firebase-admin\\lib\\index.js"}} {"metadata":{"emulator":{"name":"functions"},"message":"[runtime-status] [3756] firebase-admin has been stubbed. {\"adminResolution\":{\"declared\":true,\"installed\":true,\"version\":\"8.13.0\",\"resolution\":\"D:\\\\0.1\\\\РЕСУРСЫ КОТОТОЫЕ СТОИТ СМОТРЕТЬ\\\\21.Clever Programmer\\\\Challenge\\\\amazon-clone\\\\functions\\\\node_modules\\\\firebase-admin\\\\lib\\\\index.js\"}}"}}
[info] +  functions[api]: http function initialized (http://localhost:5001/clone-98e52/us-central1/api). {"metadata":{"emulator":{"name":"functions"},"message":"\u001b[1mhttp\u001b[22m function initialized (http://localhost:5001/clone-98e52/us-central1/api)."}}
[info] 
┌─────────────────────────────────────────────────────────────┐
│ ✔  All emulators ready! It is now safe to connect your app. │
│ i  View Emulator UI at http://localhost:4000                │
└─────────────────────────────────────────────────────────────┘

┌───────────┬────────────────┬─────────────────────────────────┐
│ Emulator  │ Host:Port      │ View in Emulator UI             │
├───────────┼────────────────┼─────────────────────────────────┤
│ Functions │ localhost:5001 │ http://localhost:4000/functions │
└───────────┴────────────────┴─────────────────────────────────┘
  Emulator Hub running at localhost:4400
  Other reserved ports: 4500

Issues? Report them at https://github.com/firebase/firebase-tools/issues and attach the *-debug.log files.
 
[debug] [2021-03-07T07:35:12.163Z] [worker-~diagnostic~-d13b5472-4bf9-4d00-b709-11bb0499bd91]: IDLE {"metadata":{"emulator":{"name":"functions"},"message":"[worker-~diagnostic~-d13b5472-4bf9-4d00-b709-11bb0499bd91]: IDLE"}}
[debug] [2021-03-07T07:35:30.594Z] Functions emulator received unknown request at path /
[debug] [2021-03-07T07:35:31.216Z] Functions emulator received unknown request at path /favicon.ico
